# JRE version: OpenJDK Runtime Environment (11.0.11+9) (build 11.0.11+9-b60-7590822)
# Java VM: OpenJDK 64-Bit Server VM (11.0.11+9-b60-7590822, mixed mode, tiered, compressed oops, g1 gc, windows-amd64)
Heap:
 garbage-first heap   total 372736K, used 145757K [0x0000000080000000, 0x0000000100000000)
  region size 1024K, 11 young (11264K), 2 survivors (2048K)
 Metaspace       used 127811K, capacity 131442K, committed 132528K, reserved 1165312K
  class space    used 15736K, capacity 17071K, committed 17280K, reserved 1048576K
GC Heap History (20 events):
Event: 5808.988 GC heap after
{Heap after GC invocations=49 (full 0):
 garbage-first heap   total 372736K, used 157447K [0x0000000080000000, 0x0000000100000000)
  region size 1024K, 9 young (9216K), 9 survivors (9216K)
 Metaspace       used 126710K, capacity 130042K, committed 132528K, reserved 1165312K
  class space    used 15604K, capacity 16830K, committed 17280K, reserved 1048576K
}
Event: 5809.088 GC heap before
{Heap before GC invocations=49 (full 0):
 garbage-first heap   total 372736K, used 165639K [0x0000000080000000, 0x0000000100000000)
  region size 1024K, 18 young (18432K), 9 survivors (9216K)
 Metaspace       used 126738K, capacity 130061K, committed 132528K, reserved 1165312K
  class space    used 15607K, capacity 16835K, committed 17280K, reserved 1048576K
}
Event: 5809.100 GC heap after
{Heap after GC invocations=50 (full 0):
 garbage-first heap   total 372736K, used 145857K [0x0000000080000000, 0x0000000100000000)
  region size 1024K, 3 young (3072K), 3 survivors (3072K)
 Metaspace       used 126738K, capacity 130061K, committed 132528K, reserved 1165312K
  class space    used 15607K, capacity 16835K, committed 17280K, reserved 1048576K
}
Event: 5809.926 GC heap before
{Heap before GC invocations=50 (full 0):
 garbage-first heap   total 372736K, used 266689K [0x0000000080000000, 0x0000000100000000)
  region size 1024K, 122 young (124928K), 3 survivors (3072K)
 Metaspace       used 126877K, capacity 130286K, committed 132528K, reserved 1165312K
  class space    used 15625K, capacity 16866K, committed 17280K, reserved 1048576K
}
Event: 5809.934 GC heap after
{Heap after GC invocations=51 (full 0):
 garbage-first heap   total 372736K, used 150399K [0x0000000080000000, 0x0000000100000000)
  region size 1024K, 7 young (7168K), 7 survivors (7168K)
 Metaspace       used 126877K, capacity 130286K, committed 132528K, reserved 1165312K
  class space    used 15625K, capacity 16866K, committed 17280K, reserved 1048576K
}
Event: 5880.191 GC heap before
{Heap before GC invocations=52 (full 0):
 garbage-first heap   total 372736K, used 273186K [0x0000000080000000, 0x0000000100000000)
  region size 1024K, 131 young (134144K), 7 survivors (7168K)
 Metaspace       used 127016K, capacity 130424K, committed 132528K, reserved 1165312K
  class space    used 15636K, capacity 16886K, committed 17280K, reserved 1048576K
}
Event: 5880.200 GC heap after
{Heap after GC invocations=53 (full 0):
 garbage-first heap   total 372736K, used 156587K [0x0000000080000000, 0x0000000100000000)
  region size 1024K, 16 young (16384K), 16 survivors (16384K)
 Metaspace       used 127016K, capacity 130424K, committed 132528K, reserved 1165312K
  class space    used 15636K, capacity 16886K, committed 17280K, reserved 1048576K
}
Event: 5880.210 GC heap before
{Heap before GC invocations=53 (full 0):
 garbage-first heap   total 372736K, used 158635K [0x0000000080000000, 0x0000000100000000)
  region size 1024K, 18 young (18432K), 16 survivors (16384K)
 Metaspace       used 127016K, capacity 130424K, committed 132528K, reserved 1165312K
  class space    used 15636K, capacity 16886K, committed 17280K, reserved 1048576K
}
Event: 5880.225 GC heap after
{Heap after GC invocations=54 (full 0):
 garbage-first heap   total 372736K, used 138472K [0x0000000080000000, 0x0000000100000000)
  region size 1024K, 2 young (2048K), 2 survivors (2048K)
 Metaspace       used 127016K, capacity 130424K, committed 132528K, reserved 1165312K
  class space    used 15636K, capacity 16886K, committed 17280K, reserved 1048576K
}
Event: 6048.151 GC heap before
{Heap before GC invocations=54 (full 0):
 garbage-first heap   total 372736K, used 272616K [0x0000000080000000, 0x0000000100000000)
  region size 1024K, 134 young (137216K), 2 survivors (2048K)
 Metaspace       used 127205K, capacity 130679K, committed 132528K, reserved 1165312K
  class space    used 15653K, capacity 16917K, committed 17280K, reserved 1048576K
}
Event: 6048.163 GC heap after
{Heap after GC invocations=55 (full 0):
 garbage-first heap   total 372736K, used 146260K [0x0000000080000000, 0x0000000100000000)
  region size 1024K, 10 young (10240K), 10 survivors (10240K)
 Metaspace       used 127205K, capacity 130679K, committed 132528K, reserved 1165312K
  class space    used 15653K, capacity 16917K, committed 17280K, reserved 1048576K
}
Event: 6137.134 GC heap before
{Heap before GC invocations=56 (full 0):
 garbage-first heap   total 372736K, used 278058K [0x0000000080000000, 0x0000000100000000)
  region size 1024K, 141 young (144384K), 10 survivors (10240K)
 Metaspace       used 127628K, capacity 131242K, committed 132528K, reserved 1165312K
  class space    used 15736K, capacity 17070K, committed 17280K, reserved 1048576K
}
Event: 6137.138 GC heap after
{Heap after GC invocations=57 (full 0):
 garbage-first heap   total 372736K, used 139403K [0x0000000080000000, 0x0000000100000000)
  region size 1024K, 2 young (2048K), 2 survivors (2048K)
 Metaspace       used 127628K, capacity 131242K, committed 132528K, reserved 1165312K
  class space    used 15736K, capacity 17070K, committed 17280K, reserved 1048576K
}
Event: 6203.036 GC heap before
{Heap before GC invocations=57 (full 0):
 garbage-first heap   total 372736K, used 154763K [0x0000000080000000, 0x0000000100000000)
  region size 1024K, 18 young (18432K), 2 survivors (2048K)
 Metaspace       used 127651K, capacity 131242K, committed 132528K, reserved 1165312K
  class space    used 15736K, capacity 17070K, committed 17280K, reserved 1048576K
}
Event: 6203.046 GC heap after
{Heap after GC invocations=58 (full 0):
 garbage-first heap   total 372736K, used 130343K [0x0000000080000000, 0x0000000100000000)
  region size 1024K, 3 young (3072K), 3 survivors (3072K)
 Metaspace       used 127651K, capacity 131242K, committed 132528K, reserved 1165312K
  class space    used 15736K, capacity 17070K, committed 17280K, reserved 1048576K
}
Event: 6204.027 GC heap before
{Heap before GC invocations=58 (full 0):
 garbage-first heap   total 372736K, used 277799K [0x0000000080000000, 0x0000000100000000)
  region size 1024K, 148 young (151552K), 3 survivors (3072K)
 Metaspace       used 127747K, capacity 131372K, committed 132528K, reserved 1165312K
  class space    used 15736K, capacity 17070K, committed 17280K, reserved 1048576K
}
Event: 6204.043 GC heap after
{Heap after GC invocations=59 (full 0):
 garbage-first heap   total 372736K, used 140221K [0x0000000080000000, 0x0000000100000000)
  region size 1024K, 13 young (13312K), 13 survivors (13312K)
 Metaspace       used 127747K, capacity 131372K, committed 132528K, reserved 1165312K
  class space    used 15736K, capacity 17070K, committed 17280K, reserved 1048576K
}
Event: 11904.721 GC heap before
{Heap before GC invocations=60 (full 0):
 garbage-first heap   total 372736K, used 285629K [0x0000000080000000, 0x0000000100000000)
  region size 1024K, 156 young (159744K), 13 survivors (13312K)
 Metaspace       used 127810K, capacity 131442K, committed 132528K, reserved 1165312K
  class space    used 15736K, capacity 17071K, committed 17280K, reserved 1048576K
}
Event: 11904.731 GC heap after
{Heap after GC invocations=61 (full 0):
 garbage-first heap   total 372736K, used 136541K [0x0000000080000000, 0x0000000100000000)
  region size 1024K, 9 young (9216K), 9 survivors (9216K)
 Metaspace       used 127810K, capacity 131442K, committed 132528K, reserved 1165312K
  class space    used 15736K, capacity 17071K, committed 17280K, reserved 1048576K
}
Event: 11904.812 GC heap before
{Heap before GC invocations=61 (full 0):
 garbage-first heap   total 372736K, used 144733K [0x0000000080000000, 0x0000000100000000)
  region size 1024K, 18 young (18432K), 9 survivors (9216K)
 Metaspace       used 127811K, capacity 131442K, committed 132528K, reserved 1165312K
  class space    used 15736K, capacity 17071K, committed 17280K, reserved 1048576K
}

